{"uid":"7fe783c468b2eaad","name":"test_create_user_with_invalid_email","fullName":"tests.test_users#test_create_user_with_invalid_email","historyId":"0134d32f87d52968cfc2424fc071e07a","time":{"start":1767039217981,"stop":1767039218001,"duration":20},"status":"failed","statusMessage":"AssertionError: Expected error code, got 201\nassert 201 in [400, 422]\n +  where 201 = <Response [201]>.status_code","statusTrace":"user_client = <api.user_client.UserClient object at 0x7f324425d8d0>\n\n    def test_create_user_with_invalid_email(user_client):\n        # Payload with invalid email format\n        invalid_payload = {\n            \"name\": \"Wrong Email\",\n            \"email\": \"this-is-not-an-email\"\n        }\n    \n        response = user_client.create_user(invalid_payload)\n    \n        # We expect a 400 or 422 error, not 201 Created\n>       assert response.status_code in [\n            400, 422], f\"Expected error code, got {response.status_code}\"\nE       AssertionError: Expected error code, got 201\nE       assert 201 in [400, 422]\nE        +  where 201 = <Response [201]>.status_code\n\ntests/test_users.py:72: AssertionError","flaky":false,"newFailed":false,"newBroken":false,"newPassed":false,"retriesCount":0,"retriesStatusChange":false,"beforeStages":[{"name":"user_client","time":{"start":1767039217730,"stop":1767039217730,"duration":0},"status":"passed","steps":[],"attachments":[],"parameters":[],"stepsCount":0,"shouldDisplayMessage":false,"attachmentsCount":0,"hasContent":false,"attachmentStep":false}],"testStage":{"status":"failed","statusMessage":"AssertionError: Expected error code, got 201\nassert 201 in [400, 422]\n +  where 201 = <Response [201]>.status_code","statusTrace":"user_client = <api.user_client.UserClient object at 0x7f324425d8d0>\n\n    def test_create_user_with_invalid_email(user_client):\n        # Payload with invalid email format\n        invalid_payload = {\n            \"name\": \"Wrong Email\",\n            \"email\": \"this-is-not-an-email\"\n        }\n    \n        response = user_client.create_user(invalid_payload)\n    \n        # We expect a 400 or 422 error, not 201 Created\n>       assert response.status_code in [\n            400, 422], f\"Expected error code, got {response.status_code}\"\nE       AssertionError: Expected error code, got 201\nE       assert 201 in [400, 422]\nE        +  where 201 = <Response [201]>.status_code\n\ntests/test_users.py:72: AssertionError","steps":[],"attachments":[{"uid":"18252fcd235a3a8d","name":"log","source":"18252fcd235a3a8d.txt","type":"text/plain","size":165}],"parameters":[],"stepsCount":0,"shouldDisplayMessage":true,"attachmentsCount":1,"hasContent":true,"attachmentStep":false},"afterStages":[],"labels":[{"name":"parentSuite","value":"tests"},{"name":"suite","value":"test_users"},{"name":"host","value":"runnervmh13bl"},{"name":"thread","value":"2518-MainThread"},{"name":"framework","value":"pytest"},{"name":"language","value":"cpython3"},{"name":"package","value":"tests.test_users"},{"name":"resultFormat","value":"allure2"}],"parameters":[],"links":[],"hidden":false,"retry":false,"extra":{"severity":"normal","retries":[],"categories":[{"name":"Product defects","matchedStatuses":[],"flaky":false}],"history":{"statistic":{"failed":2,"broken":0,"skipped":0,"passed":0,"unknown":0,"total":2},"items":[{"uid":"c9070c6775b028c1","reportUrl":"https://kokopetkov.github.io/my-api-tests/12/#testresult/c9070c6775b028c1","status":"failed","statusDetails":"AssertionError: Expected error code, got 201\nassert 201 in [400, 422]\n +  where 201 = <Response [201]>.status_code","time":{"start":1767038967531,"stop":1767038967585,"duration":54}}]},"tags":[]},"source":"7fe783c468b2eaad.json","parameterValues":[]}