{"uid":"bb2f8677f23bfee8","name":"test_create_user_with_invalid_email","fullName":"tests.test_users#test_create_user_with_invalid_email","historyId":"0134d32f87d52968cfc2424fc071e07a","time":{"start":1767042117294,"stop":1767042117311,"duration":17},"status":"broken","statusMessage":"pydantic_core._pydantic_core.ValidationError: 1 validation error for User\nusername\n  Field required [type=missing, input_value={'name': 'Wrong Email', '...not-an-email', 'id': 11}, input_type=dict]\n    For further information visit https://errors.pydantic.dev/2.12/v/missing","statusTrace":"user_client = <api.user_client.UserClient object at 0x7fea6fe53e90>\n\n    def test_create_user_with_invalid_email(user_client):\n        invalid_payload = {\n            \"name\": \"Wrong Email\",\n            \"email\": \"this-is-not-an-email\"\n        }\n    \n>       response = user_client.create_user(invalid_payload)\n                   ^^^^^^^^^^^^^^^^^^^^^^^^^^^^^^^^^^^^^^^^\n\ntests/test_users.py:55: \n_ _ _ _ _ _ _ _ _ _ _ _ _ _ _ _ _ _ _ _ _ _ _ _ _ _ _ _ _ _ _ _ _ _ _ _ _ _ _ _ \n\nself = <api.user_client.UserClient object at 0x7fea6fe53e90>\npayload = {'email': 'this-is-not-an-email', 'name': 'Wrong Email'}\n\n    def create_user(self, payload):\n        \"\"\"\n        Creates a user and returns the validated User object.\n        \"\"\"\n        response = self.post(self.endpoint, json=payload)\n    \n        if response.status_code == 201:\n>           return User(**response.json())\n                   ^^^^^^^^^^^^^^^^^^^^^^^\nE           pydantic_core._pydantic_core.ValidationError: 1 validation error for User\nE           username\nE             Field required [type=missing, input_value={'name': 'Wrong Email', '...not-an-email', 'id': 11}, input_type=dict]\nE               For further information visit https://errors.pydantic.dev/2.12/v/missing\n\napi/user_client.py:34: ValidationError","flaky":false,"newFailed":false,"newBroken":true,"newPassed":false,"retriesCount":0,"retriesStatusChange":false,"beforeStages":[{"name":"user_client","time":{"start":1767042117040,"stop":1767042117040,"duration":0},"status":"passed","steps":[],"attachments":[],"parameters":[],"stepsCount":0,"shouldDisplayMessage":false,"attachmentsCount":0,"hasContent":false,"attachmentStep":false}],"testStage":{"status":"broken","statusMessage":"pydantic_core._pydantic_core.ValidationError: 1 validation error for User\nusername\n  Field required [type=missing, input_value={'name': 'Wrong Email', '...not-an-email', 'id': 11}, input_type=dict]\n    For further information visit https://errors.pydantic.dev/2.12/v/missing","statusTrace":"user_client = <api.user_client.UserClient object at 0x7fea6fe53e90>\n\n    def test_create_user_with_invalid_email(user_client):\n        invalid_payload = {\n            \"name\": \"Wrong Email\",\n            \"email\": \"this-is-not-an-email\"\n        }\n    \n>       response = user_client.create_user(invalid_payload)\n                   ^^^^^^^^^^^^^^^^^^^^^^^^^^^^^^^^^^^^^^^^\n\ntests/test_users.py:55: \n_ _ _ _ _ _ _ _ _ _ _ _ _ _ _ _ _ _ _ _ _ _ _ _ _ _ _ _ _ _ _ _ _ _ _ _ _ _ _ _ \n\nself = <api.user_client.UserClient object at 0x7fea6fe53e90>\npayload = {'email': 'this-is-not-an-email', 'name': 'Wrong Email'}\n\n    def create_user(self, payload):\n        \"\"\"\n        Creates a user and returns the validated User object.\n        \"\"\"\n        response = self.post(self.endpoint, json=payload)\n    \n        if response.status_code == 201:\n>           return User(**response.json())\n                   ^^^^^^^^^^^^^^^^^^^^^^^\nE           pydantic_core._pydantic_core.ValidationError: 1 validation error for User\nE           username\nE             Field required [type=missing, input_value={'name': 'Wrong Email', '...not-an-email', 'id': 11}, input_type=dict]\nE               For further information visit https://errors.pydantic.dev/2.12/v/missing\n\napi/user_client.py:34: ValidationError","steps":[],"attachments":[{"uid":"aabb076f8e87aa9d","name":"log","source":"aabb076f8e87aa9d.txt","type":"text/plain","size":165}],"parameters":[],"stepsCount":0,"shouldDisplayMessage":true,"attachmentsCount":1,"hasContent":true,"attachmentStep":false},"afterStages":[],"labels":[{"name":"parentSuite","value":"tests"},{"name":"suite","value":"test_users"},{"name":"host","value":"runnervmh13bl"},{"name":"thread","value":"2571-MainThread"},{"name":"framework","value":"pytest"},{"name":"language","value":"cpython3"},{"name":"package","value":"tests.test_users"},{"name":"resultFormat","value":"allure2"}],"parameters":[],"links":[],"hidden":false,"retry":false,"extra":{"severity":"normal","retries":[],"categories":[{"name":"Test defects","matchedStatuses":[],"flaky":false}],"history":{"statistic":{"failed":2,"broken":1,"skipped":0,"passed":0,"unknown":0,"total":3},"items":[{"uid":"7fe783c468b2eaad","reportUrl":"https://kokopetkov.github.io/my-api-tests/13/#testresult/7fe783c468b2eaad","status":"failed","statusDetails":"AssertionError: Expected error code, got 201\nassert 201 in [400, 422]\n +  where 201 = <Response [201]>.status_code","time":{"start":1767039217981,"stop":1767039218001,"duration":20}},{"uid":"c9070c6775b028c1","reportUrl":"https://kokopetkov.github.io/my-api-tests/12/#testresult/c9070c6775b028c1","status":"failed","statusDetails":"AssertionError: Expected error code, got 201\nassert 201 in [400, 422]\n +  where 201 = <Response [201]>.status_code","time":{"start":1767038967531,"stop":1767038967585,"duration":54}}]},"tags":[]},"source":"bb2f8677f23bfee8.json","parameterValues":[]}